<?xml version="1.0" encoding="UTF-8" standalone="yes"?><!DOCTYPE report PUBLIC "-//JACOCO//DTD Report 1.0//EN" "report.dtd"><report name="Calendar"><sessioninfo id="DESKTOP-HD00B26-54361003" start="1516287353373" dump="1516287354597"/><sessioninfo id="DESKTOP-HD00B26-6f365a21" start="1516287799823" dump="1516287800778"/><sessioninfo id="DESKTOP-HD00B26-cc29cd87" start="1516296288382" dump="1516296289301"/><sessioninfo id="DESKTOP-HD00B26-5de4fdbc" start="1516296749073" dump="1516296749981"/><sessioninfo id="DESKTOP-HD00B26-ccbc4092" start="1516297202909" dump="1516297203867"/><sessioninfo id="DESKTOP-HD00B26-34522fff" start="1516339316872" dump="1516339318223"/><sessioninfo id="DESKTOP-HD00B26-a8c6765e" start="1516340549954" dump="1516340550930"/><sessioninfo id="DESKTOP-HD00B26-6276547e" start="1516341131830" dump="1516341132848"/><sessioninfo id="DESKTOP-HD00B26-d17064ef" start="1516341289527" dump="1516341290481"/><sessioninfo id="DESKTOP-HD00B26-28bfa9bc" start="1516341404315" dump="1516341405271"/><sessioninfo id="DESKTOP-HD00B26-8951fdad" start="1516341461660" dump="1516341462571"/><sessioninfo id="DESKTOP-HD00B26-5c39637f" start="1516341600716" dump="1516341601606"/><sessioninfo id="DESKTOP-HD00B26-d532f0cb" start="1516341712687" dump="1516341713521"/><sessioninfo id="DESKTOP-HD00B26-640a062e" start="1516342153343" dump="1516342154204"/><sessioninfo id="DESKTOP-HD00B26-1222891" start="1516342683073" dump="1516342684041"/><sessioninfo id="DESKTOP-HD00B26-49f12527" start="1516342753570" dump="1516342754375"/><sessioninfo id="DESKTOP-HD00B26-62418df1" start="1516344172929" dump="1516344173823"/><sessioninfo id="DESKTOP-HD00B26-7f3dc472" start="1516344415866" dump="1516344416684"/><sessioninfo id="DESKTOP-HD00B26-93b65277" start="1516344708583" dump="1516344709471"/><sessioninfo id="DESKTOP-HD00B26-62cc6955" start="1516344975529" dump="1516344976375"/><sessioninfo id="DESKTOP-HD00B26-fd407874" start="1516380699831" dump="1516380701658"/><sessioninfo id="DESKTOP-HD00B26-4adb2c75" start="1516380874617" dump="1516380875752"/><sessioninfo id="DESKTOP-HD00B26-d60ce2d5" start="1516381584779" dump="1516381585655"/><sessioninfo id="DESKTOP-HD00B26-bb3b02e9" start="1516382329546" dump="1516382330473"/><sessioninfo id="DESKTOP-HD00B26-2ae8c000" start="1516385013186" dump="1516385013971"/><sessioninfo id="DESKTOP-HD00B26-8b0ec430" start="1516385267603" dump="1516385268538"/><sessioninfo id="DESKTOP-HD00B26-1c5d2bc8" start="1516385467258" dump="1516385468105"/><sessioninfo id="DESKTOP-HD00B26-6ad17a42" start="1516386033612" dump="1516386034407"/><sessioninfo id="DESKTOP-HD00B26-45d9946f" start="1516386329561" dump="1516386330328"/><sessioninfo id="DESKTOP-HD00B26-f623a88c" start="1516386408472" dump="1516386409245"/><sessioninfo id="DESKTOP-HD00B26-5789b0fd" start="1516386512663" dump="1516386513586"/><sessioninfo id="DESKTOP-HD00B26-bad1af7a" start="1516403908563" dump="1516403909478"/><sessioninfo id="DESKTOP-HD00B26-9167e457" start="1516404221938" dump="1516404222796"/><sessioninfo id="DESKTOP-HD00B26-14bcc669" start="1516404362859" dump="1516404363646"/><sessioninfo id="DESKTOP-HD00B26-fc4fc654" start="1516404671674" dump="1516404672353"/><sessioninfo id="DESKTOP-HD00B26-8992ae8a" start="1516414527998" dump="1516414529274"/><sessioninfo id="DESKTOP-HD00B26-455190a" start="1516415040112" dump="1516415041196"/><package name="calendar"><class name="calendar/CalendarMain"><method name="&lt;init&gt;" desc="()V" line="14"><counter type="INSTRUCTION" missed="3" covered="0"/><counter type="LINE" missed="1" covered="0"/><counter type="COMPLEXITY" missed="1" covered="0"/><counter type="METHOD" missed="1" covered="0"/></method><method name="main" desc="([Ljava/lang/String;)V" line="17"><counter type="INSTRUCTION" missed="417" covered="0"/><counter type="BRANCH" missed="24" covered="0"/><counter type="LINE" missed="88" covered="0"/><counter type="COMPLEXITY" missed="13" covered="0"/><counter type="METHOD" missed="1" covered="0"/></method><counter type="INSTRUCTION" missed="420" covered="0"/><counter type="BRANCH" missed="24" covered="0"/><counter type="LINE" missed="89" covered="0"/><counter type="COMPLEXITY" missed="14" covered="0"/><counter type="METHOD" missed="2" covered="0"/><counter type="CLASS" missed="1" covered="0"/></class><class name="calendar/DateOutOfRangeException"><method name="&lt;init&gt;" desc="()V" line="13"><counter type="INSTRUCTION" missed="3" covered="0"/><counter type="LINE" missed="2" covered="0"/><counter type="COMPLEXITY" missed="1" covered="0"/><counter type="METHOD" missed="1" covered="0"/></method><method name="&lt;init&gt;" desc="(Ljava/lang/String;)V" line="22"><counter type="INSTRUCTION" missed="4" covered="0"/><counter type="LINE" missed="2" covered="0"/><counter type="COMPLEXITY" missed="1" covered="0"/><counter type="METHOD" missed="1" covered="0"/></method><counter type="INSTRUCTION" missed="7" covered="0"/><counter type="LINE" missed="4" covered="0"/><counter type="COMPLEXITY" missed="2" covered="0"/><counter type="METHOD" missed="2" covered="0"/><counter type="CLASS" missed="1" covered="0"/></class><class name="calendar/Appt"><method name="&lt;init&gt;" desc="(IIIIILjava/lang/String;Ljava/lang/String;)V" line="89"><counter type="INSTRUCTION" missed="0" covered="35"/><counter type="LINE" missed="0" covered="12"/><counter type="COMPLEXITY" missed="0" covered="1"/><counter type="METHOD" missed="0" covered="1"/></method><method name="isValid" desc="()V" line="113"><counter type="INSTRUCTION" missed="4" covered="54"/><counter type="BRANCH" missed="2" covered="14"/><counter type="LINE" missed="1" covered="10"/><counter type="COMPLEXITY" missed="2" covered="7"/><counter type="METHOD" missed="0" covered="1"/></method><method name="setStartHour" desc="(I)V" line="135"><counter type="INSTRUCTION" missed="0" covered="6"/><counter type="LINE" missed="0" covered="3"/><counter type="COMPLEXITY" missed="0" covered="1"/><counter type="METHOD" missed="0" covered="1"/></method><method name="setStartMinute" desc="(I)V" line="141"><counter type="INSTRUCTION" missed="0" covered="6"/><counter type="LINE" missed="0" covered="3"/><counter type="COMPLEXITY" missed="0" covered="1"/><counter type="METHOD" missed="0" covered="1"/></method><method name="setStartDay" desc="(I)V" line="147"><counter type="INSTRUCTION" missed="0" covered="6"/><counter type="LINE" missed="0" covered="3"/><counter type="COMPLEXITY" missed="0" covered="1"/><counter type="METHOD" missed="0" covered="1"/></method><method name="setStartMonth" desc="(I)V" line="153"><counter type="INSTRUCTION" missed="0" covered="6"/><counter type="LINE" missed="0" covered="3"/><counter type="COMPLEXITY" missed="0" covered="1"/><counter type="METHOD" missed="0" covered="1"/></method><method name="setStartYear" desc="(I)V" line="159"><counter type="INSTRUCTION" missed="0" covered="6"/><counter type="LINE" missed="0" covered="3"/><counter type="COMPLEXITY" missed="0" covered="1"/><counter type="METHOD" missed="0" covered="1"/></method><method name="setTitle" desc="(Ljava/lang/String;)V" line="165"><counter type="INSTRUCTION" missed="0" covered="10"/><counter type="BRANCH" missed="0" covered="2"/><counter type="LINE" missed="0" covered="4"/><counter type="COMPLEXITY" missed="0" covered="2"/><counter type="METHOD" missed="0" covered="1"/></method><method name="setDescription" desc="(Ljava/lang/String;)V" line="173"><counter type="INSTRUCTION" missed="0" covered="10"/><counter type="BRANCH" missed="0" covered="2"/><counter type="LINE" missed="0" covered="4"/><counter type="COMPLEXITY" missed="0" covered="2"/><counter type="METHOD" missed="0" covered="1"/></method><method name="getStartHour" desc="()I" line="182"><counter type="INSTRUCTION" missed="0" covered="3"/><counter type="LINE" missed="0" covered="1"/><counter type="COMPLEXITY" missed="0" covered="1"/><counter type="METHOD" missed="0" covered="1"/></method><method name="getStartMinute" desc="()I" line="187"><counter type="INSTRUCTION" missed="0" covered="3"/><counter type="LINE" missed="0" covered="1"/><counter type="COMPLEXITY" missed="0" covered="1"/><counter type="METHOD" missed="0" covered="1"/></method><method name="getStartDay" desc="()I" line="192"><counter type="INSTRUCTION" missed="0" covered="3"/><counter type="LINE" missed="0" covered="1"/><counter type="COMPLEXITY" missed="0" covered="1"/><counter type="METHOD" missed="0" covered="1"/></method><method name="getStartMonth" desc="()I" line="197"><counter type="INSTRUCTION" missed="0" covered="3"/><counter type="LINE" missed="0" covered="1"/><counter type="COMPLEXITY" missed="0" covered="1"/><counter type="METHOD" missed="0" covered="1"/></method><method name="getStartYear" desc="()I" line="202"><counter type="INSTRUCTION" missed="0" covered="3"/><counter type="LINE" missed="0" covered="1"/><counter type="COMPLEXITY" missed="0" covered="1"/><counter type="METHOD" missed="0" covered="1"/></method><method name="getTitle" desc="()Ljava/lang/String;" line="207"><counter type="INSTRUCTION" missed="0" covered="3"/><counter type="LINE" missed="0" covered="1"/><counter type="COMPLEXITY" missed="0" covered="1"/><counter type="METHOD" missed="0" covered="1"/></method><method name="getDescription" desc="()Ljava/lang/String;" line="212"><counter type="INSTRUCTION" missed="0" covered="3"/><counter type="LINE" missed="0" covered="1"/><counter type="COMPLEXITY" missed="0" covered="1"/><counter type="METHOD" missed="0" covered="1"/></method><method name="getValid" desc="()Z" line="216"><counter type="INSTRUCTION" missed="0" covered="3"/><counter type="LINE" missed="0" covered="1"/><counter type="COMPLEXITY" missed="0" covered="1"/><counter type="METHOD" missed="0" covered="1"/></method><method name="setRecurrence" desc="([IIII)V" line="222"><counter type="INSTRUCTION" missed="0" covered="13"/><counter type="LINE" missed="0" covered="5"/><counter type="COMPLEXITY" missed="0" covered="1"/><counter type="METHOD" missed="0" covered="1"/></method><method name="setRecurDays" desc="([I)V" line="228"><counter type="INSTRUCTION" missed="0" covered="11"/><counter type="BRANCH" missed="0" covered="2"/><counter type="LINE" missed="0" covered="4"/><counter type="COMPLEXITY" missed="0" covered="2"/><counter type="METHOD" missed="0" covered="1"/></method><method name="setRecurBy" desc="(I)V" line="237"><counter type="INSTRUCTION" missed="0" covered="4"/><counter type="LINE" missed="0" covered="2"/><counter type="COMPLEXITY" missed="0" covered="1"/><counter type="METHOD" missed="0" covered="1"/></method><method name="setRecurIncrement" desc="(I)V" line="241"><counter type="INSTRUCTION" missed="0" covered="4"/><counter type="LINE" missed="0" covered="2"/><counter type="COMPLEXITY" missed="0" covered="1"/><counter type="METHOD" missed="0" covered="1"/></method><method name="setRecurNumber" desc="(I)V" line="246"><counter type="INSTRUCTION" missed="0" covered="4"/><counter type="LINE" missed="0" covered="2"/><counter type="COMPLEXITY" missed="0" covered="1"/><counter type="METHOD" missed="0" covered="1"/></method><method name="getRecurNumber" desc="()I" line="250"><counter type="INSTRUCTION" missed="0" covered="3"/><counter type="LINE" missed="0" covered="1"/><counter type="COMPLEXITY" missed="0" covered="1"/><counter type="METHOD" missed="0" covered="1"/></method><method name="getRecurBy" desc="()I" line="254"><counter type="INSTRUCTION" missed="0" covered="3"/><counter type="LINE" missed="0" covered="1"/><counter type="COMPLEXITY" missed="0" covered="1"/><counter type="METHOD" missed="0" covered="1"/></method><method name="getRecurDays" desc="()[I" line="258"><counter type="INSTRUCTION" missed="0" covered="3"/><counter type="LINE" missed="0" covered="1"/><counter type="COMPLEXITY" missed="0" covered="1"/><counter type="METHOD" missed="0" covered="1"/></method><method name="isRecurring" desc="()Z" line="265"><counter type="INSTRUCTION" missed="0" covered="7"/><counter type="BRANCH" missed="0" covered="2"/><counter type="LINE" missed="0" covered="1"/><counter type="COMPLEXITY" missed="0" covered="2"/><counter type="METHOD" missed="0" covered="1"/></method><method name="getRecurIncrement" desc="()I" line="269"><counter type="INSTRUCTION" missed="0" covered="3"/><counter type="LINE" missed="0" covered="1"/><counter type="COMPLEXITY" missed="0" covered="1"/><counter type="METHOD" missed="0" covered="1"/></method><method name="represntationApp" desc="()Ljava/lang/String;" line="281"><counter type="INSTRUCTION" missed="2" covered="33"/><counter type="BRANCH" missed="1" covered="5"/><counter type="LINE" missed="1" covered="7"/><counter type="COMPLEXITY" missed="1" covered="3"/><counter type="METHOD" missed="0" covered="1"/></method><method name="toString" desc="()Ljava/lang/String;" line="297"><counter type="INSTRUCTION" missed="0" covered="49"/><counter type="BRANCH" missed="0" covered="2"/><counter type="LINE" missed="0" covered="4"/><counter type="COMPLEXITY" missed="0" covered="2"/><counter type="METHOD" missed="0" covered="1"/></method><method name="compareTo" desc="(Lcalendar/Appt;)I" line="307"><counter type="INSTRUCTION" missed="40" covered="0"/><counter type="LINE" missed="6" covered="0"/><counter type="COMPLEXITY" missed="1" covered="0"/><counter type="METHOD" missed="1" covered="0"/></method><counter type="INSTRUCTION" missed="46" covered="300"/><counter type="BRANCH" missed="3" covered="29"/><counter type="LINE" missed="8" covered="84"/><counter type="COMPLEXITY" missed="4" covered="42"/><counter type="METHOD" missed="1" covered="29"/><counter type="CLASS" missed="0" covered="1"/></class><class name="calendar/CalDay"><method name="&lt;init&gt;" desc="()V" line="42"><counter type="INSTRUCTION" missed="0" covered="6"/><counter type="LINE" missed="0" covered="3"/><counter type="COMPLEXITY" missed="0" covered="1"/><counter type="METHOD" missed="0" covered="1"/></method><method name="&lt;init&gt;" desc="(Ljava/util/GregorianCalendar;)V" line="52"><counter type="INSTRUCTION" missed="0" covered="38"/><counter type="LINE" missed="0" covered="10"/><counter type="COMPLEXITY" missed="0" covered="1"/><counter type="METHOD" missed="0" covered="1"/></method><method name="addAppt" desc="(Lcalendar/Appt;)V" line="74"><counter type="INSTRUCTION" missed="0" covered="33"/><counter type="BRANCH" missed="0" covered="6"/><counter type="LINE" missed="0" covered="8"/><counter type="COMPLEXITY" missed="0" covered="4"/><counter type="METHOD" missed="0" covered="1"/></method><method name="isValid" desc="()Z" line="95"><counter type="INSTRUCTION" missed="0" covered="3"/><counter type="LINE" missed="0" covered="1"/><counter type="COMPLEXITY" missed="0" covered="1"/><counter type="METHOD" missed="0" covered="1"/></method><method name="iterator" desc="()Ljava/util/Iterator;" line="105"><counter type="INSTRUCTION" missed="0" covered="9"/><counter type="BRANCH" missed="0" covered="2"/><counter type="LINE" missed="0" covered="3"/><counter type="COMPLEXITY" missed="0" covered="2"/><counter type="METHOD" missed="0" covered="1"/></method><method name="setAppts" desc="(Ljava/util/LinkedList;)V" line="115"><counter type="INSTRUCTION" missed="0" covered="14"/><counter type="BRANCH" missed="3" covered="3"/><counter type="LINE" missed="0" covered="5"/><counter type="COMPLEXITY" missed="3" covered="1"/><counter type="METHOD" missed="0" covered="1"/></method><method name="setDay" desc="(I)V" line="124"><counter type="INSTRUCTION" missed="0" covered="4"/><counter type="LINE" missed="0" covered="2"/><counter type="COMPLEXITY" missed="0" covered="1"/><counter type="METHOD" missed="0" covered="1"/></method><method name="setMonth" desc="(I)V" line="129"><counter type="INSTRUCTION" missed="0" covered="4"/><counter type="LINE" missed="0" covered="2"/><counter type="COMPLEXITY" missed="0" covered="1"/><counter type="METHOD" missed="0" covered="1"/></method><method name="setYear" desc="(I)V" line="134"><counter type="INSTRUCTION" missed="0" covered="4"/><counter type="LINE" missed="0" covered="2"/><counter type="COMPLEXITY" missed="0" covered="1"/><counter type="METHOD" missed="0" covered="1"/></method><method name="getAppts" desc="()Ljava/util/LinkedList;" line="139"><counter type="INSTRUCTION" missed="0" covered="3"/><counter type="LINE" missed="0" covered="1"/><counter type="COMPLEXITY" missed="0" covered="1"/><counter type="METHOD" missed="0" covered="1"/></method><method name="getSizeAppts" desc="()I" line="143"><counter type="INSTRUCTION" missed="4" covered="0"/><counter type="LINE" missed="1" covered="0"/><counter type="COMPLEXITY" missed="1" covered="0"/><counter type="METHOD" missed="1" covered="0"/></method><method name="getDay" desc="()I" line="147"><counter type="INSTRUCTION" missed="0" covered="3"/><counter type="LINE" missed="0" covered="1"/><counter type="COMPLEXITY" missed="0" covered="1"/><counter type="METHOD" missed="0" covered="1"/></method><method name="getMonth" desc="()I" line="155"><counter type="INSTRUCTION" missed="0" covered="3"/><counter type="LINE" missed="0" covered="1"/><counter type="COMPLEXITY" missed="0" covered="1"/><counter type="METHOD" missed="0" covered="1"/></method><method name="getYear" desc="()I" line="160"><counter type="INSTRUCTION" missed="0" covered="3"/><counter type="LINE" missed="0" covered="1"/><counter type="COMPLEXITY" missed="0" covered="1"/><counter type="METHOD" missed="0" covered="1"/></method><method name="toString" desc="()Ljava/lang/String;" line="171"><counter type="INSTRUCTION" missed="0" covered="71"/><counter type="BRANCH" missed="0" covered="4"/><counter type="LINE" missed="0" covered="12"/><counter type="COMPLEXITY" missed="0" covered="3"/><counter type="METHOD" missed="0" covered="1"/></method><counter type="INSTRUCTION" missed="4" covered="198"/><counter type="BRANCH" missed="3" covered="15"/><counter type="LINE" missed="1" covered="52"/><counter type="COMPLEXITY" missed="4" covered="20"/><counter type="METHOD" missed="1" covered="14"/><counter type="CLASS" missed="0" covered="1"/></class><class name="calendar/CalendarUtil"><method name="&lt;init&gt;" desc="()V" line="13"><counter type="INSTRUCTION" missed="3" covered="0"/><counter type="LINE" missed="1" covered="0"/><counter type="COMPLEXITY" missed="1" covered="0"/><counter type="METHOD" missed="1" covered="0"/></method><method name="NumDaysInMonth" desc="(II)I" line="30"><counter type="INSTRUCTION" missed="7" covered="9"/><counter type="BRANCH" missed="3" covered="1"/><counter type="LINE" missed="1" covered="3"/><counter type="COMPLEXITY" missed="2" covered="1"/><counter type="METHOD" missed="0" covered="1"/></method><method name="IsLeapYear" desc="(I)Z" line="46"><counter type="INSTRUCTION" missed="10" covered="10"/><counter type="BRANCH" missed="4" covered="2"/><counter type="LINE" missed="4" covered="3"/><counter type="COMPLEXITY" missed="3" covered="1"/><counter type="METHOD" missed="0" covered="1"/></method><method name="&lt;clinit&gt;" desc="()V" line="16"><counter type="INSTRUCTION" missed="0" covered="52"/><counter type="LINE" missed="0" covered="1"/><counter type="COMPLEXITY" missed="0" covered="1"/><counter type="METHOD" missed="0" covered="1"/></method><counter type="INSTRUCTION" missed="20" covered="71"/><counter type="BRANCH" missed="7" covered="3"/><counter type="LINE" missed="6" covered="7"/><counter type="COMPLEXITY" missed="6" covered="3"/><counter type="METHOD" missed="1" covered="3"/><counter type="CLASS" missed="0" covered="1"/></class><class name="calendar/TimeTable"><method name="&lt;init&gt;" desc="()V" line="19"><counter type="INSTRUCTION" missed="0" covered="3"/><counter type="LINE" missed="0" covered="2"/><counter type="COMPLEXITY" missed="0" covered="1"/><counter type="METHOD" missed="0" covered="1"/></method><method name="getApptRange" desc="(Ljava/util/LinkedList;Ljava/util/GregorianCalendar;Ljava/util/GregorianCalendar;)Ljava/util/LinkedList;" line="34"><counter type="INSTRUCTION" missed="31" covered="65"/><counter type="BRANCH" missed="5" covered="7"/><counter type="LINE" missed="8" covered="15"/><counter type="COMPLEXITY" missed="4" covered="3"/><counter type="METHOD" missed="0" covered="1"/></method><method name="getApptOccurences" desc="(Lcalendar/Appt;Ljava/util/GregorianCalendar;Ljava/util/GregorianCalendar;)Ljava/util/LinkedList;" line="92"><counter type="INSTRUCTION" missed="8" covered="50"/><counter type="BRANCH" missed="3" covered="9"/><counter type="LINE" missed="3" covered="14"/><counter type="COMPLEXITY" missed="3" covered="4"/><counter type="METHOD" missed="0" covered="1"/></method><method name="getNextApptOccurrence" desc="(Lcalendar/Appt;Ljava/util/GregorianCalendar;)Ljava/util/GregorianCalendar;" line="141"><counter type="INSTRUCTION" missed="10" covered="70"/><counter type="BRANCH" missed="2" covered="12"/><counter type="LINE" missed="3" covered="17"/><counter type="COMPLEXITY" missed="2" covered="7"/><counter type="METHOD" missed="0" covered="1"/></method><method name="deleteAppt" desc="(Ljava/util/LinkedList;Lcalendar/Appt;)Ljava/util/LinkedList;" line="203"><counter type="INSTRUCTION" missed="0" covered="38"/><counter type="BRANCH" missed="0" covered="10"/><counter type="LINE" missed="0" covered="10"/><counter type="COMPLEXITY" missed="0" covered="6"/><counter type="METHOD" missed="0" covered="1"/></method><method name="permute" desc="(Ljava/util/LinkedList;[I)Ljava/util/LinkedList;" line="231"><counter type="INSTRUCTION" missed="0" covered="40"/><counter type="BRANCH" missed="0" covered="4"/><counter type="LINE" missed="0" covered="10"/><counter type="COMPLEXITY" missed="0" covered="3"/><counter type="METHOD" missed="0" covered="1"/></method><counter type="INSTRUCTION" missed="49" covered="266"/><counter type="BRANCH" missed="10" covered="42"/><counter type="LINE" missed="14" covered="68"/><counter type="COMPLEXITY" missed="9" covered="24"/><counter type="METHOD" missed="0" covered="6"/><counter type="CLASS" missed="0" covered="1"/></class><sourcefile name="CalDay.java"><line nr="42" mi="0" ci="2" mb="0" cb="0"/><line nr="43" mi="0" ci="3" mb="0" cb="0"/><line nr="44" mi="0" ci="1" mb="0" cb="0"/><line nr="52" mi="0" ci="2" mb="0" cb="0"/><line nr="54" mi="0" ci="6" mb="0" cb="0"/><line nr="55" mi="0" ci="6" mb="0" cb="0"/><line nr="56" mi="0" ci="6" mb="0" cb="0"/><line nr="58" mi="0" ci="3" mb="0" cb="0"/><line nr="59" mi="0" ci="3" mb="0" cb="0"/><line nr="60" mi="0" ci="3" mb="0" cb="0"/><line nr="62" mi="0" ci="5" mb="0" cb="0"/><line nr="64" mi="0" ci="3" mb="0" cb="0"/><line nr="65" mi="0" ci="1" mb="0" cb="0"/><line nr="74" mi="0" ci="3" mb="0" cb="2"/><line nr="76" mi="0" ci="9" mb="0" cb="2"/><line nr="78" mi="0" ci="7" mb="0" cb="0"/><line nr="79" mi="0" ci="2" mb="0" cb="2"/><line nr="81" mi="0" ci="5" mb="0" cb="0"/><line nr="82" mi="0" ci="1" mb="0" cb="0"/><line nr="86" mi="0" ci="5" mb="0" cb="0"/><line nr="88" mi="0" ci="1" mb="0" cb="0"/><line nr="95" mi="0" ci="3" mb="0" cb="0"/><line nr="105" mi="0" ci="3" mb="0" cb="2"/><line nr="106" mi="0" ci="4" mb="0" cb="0"/><line nr="109" mi="0" ci="2" mb="0" cb="0"/><line nr="115" mi="0" ci="2" mb="1" cb="1"/><line nr="116" mi="0" ci="3" mb="0" cb="0"/><line nr="118" mi="0" ci="5" mb="2" cb="2"/><line nr="119" mi="0" ci="3" mb="0" cb="0"/><line nr="120" mi="0" ci="1" mb="0" cb="0"/><line nr="124" mi="0" ci="3" mb="0" cb="0"/><line nr="125" mi="0" ci="1" mb="0" cb="0"/><line nr="129" mi="0" ci="3" mb="0" cb="0"/><line nr="130" mi="0" ci="1" mb="0" cb="0"/><line nr="134" mi="0" ci="3" mb="0" cb="0"/><line nr="135" mi="0" ci="1" mb="0" cb="0"/><line nr="139" mi="0" ci="3" mb="0" cb="0"/><line nr="143" mi="4" ci="0" mb="0" cb="0"/><line nr="147" mi="0" ci="3" mb="0" cb="0"/><line nr="155" mi="0" ci="3" mb="0" cb="0"/><line nr="160" mi="0" ci="3" mb="0" cb="0"/><line nr="171" mi="0" ci="4" mb="0" cb="0"/><line nr="173" mi="0" ci="3" mb="0" cb="2"/><line nr="174" mi="0" ci="18" mb="0" cb="0"/><line nr="175" mi="0" ci="13" mb="0" cb="0"/><line nr="176" mi="0" ci="4" mb="0" cb="0"/><line nr="177" mi="0" ci="4" mb="0" cb="0"/><line nr="178" mi="0" ci="3" mb="0" cb="2"/><line nr="179" mi="0" ci="3" mb="0" cb="0"/><line nr="181" mi="0" ci="11" mb="0" cb="0"/><line nr="182" mi="0" ci="1" mb="0" cb="0"/><line nr="185" mi="0" ci="4" mb="0" cb="0"/><line nr="187" mi="0" ci="3" mb="0" cb="0"/><counter type="INSTRUCTION" missed="4" covered="198"/><counter type="BRANCH" missed="3" covered="15"/><counter type="LINE" missed="1" covered="52"/><counter type="COMPLEXITY" missed="4" covered="20"/><counter type="METHOD" missed="1" covered="14"/><counter type="CLASS" missed="0" covered="1"/></sourcefile><sourcefile name="Appt.java"><line nr="89" mi="0" ci="2" mb="0" cb="0"/><line nr="91" mi="0" ci="3" mb="0" cb="0"/><line nr="92" mi="0" ci="3" mb="0" cb="0"/><line nr="93" mi="0" ci="3" mb="0" cb="0"/><line nr="94" mi="0" ci="3" mb="0" cb="0"/><line nr="95" mi="0" ci="3" mb="0" cb="0"/><line nr="96" mi="0" ci="3" mb="0" cb="0"/><line nr="97" mi="0" ci="3" mb="0" cb="0"/><line nr="100" mi="0" ci="3" mb="0" cb="0"/><line nr="101" mi="0" ci="6" mb="0" cb="0"/><line nr="104" mi="0" ci="2" mb="0" cb="0"/><line nr="105" mi="0" ci="1" mb="0" cb="0"/><line nr="113" mi="0" ci="8" mb="0" cb="0"/><line nr="115" mi="0" ci="7" mb="0" cb="4"/><line nr="116" mi="0" ci="4" mb="0" cb="0"/><line nr="118" mi="0" ci="7" mb="0" cb="4"/><line nr="119" mi="0" ci="4" mb="0" cb="0"/><line nr="122" mi="0" ci="8" mb="0" cb="4"/><line nr="123" mi="0" ci="4" mb="0" cb="0"/><line nr="125" mi="0" ci="8" mb="2" cb="2"/><line nr="126" mi="4" ci="0" mb="0" cb="0"/><line nr="128" mi="0" ci="3" mb="0" cb="0"/><line nr="129" mi="0" ci="1" mb="0" cb="0"/><line nr="135" mi="0" ci="3" mb="0" cb="0"/><line nr="136" mi="0" ci="2" mb="0" cb="0"/><line nr="137" mi="0" ci="1" mb="0" cb="0"/><line nr="141" mi="0" ci="3" mb="0" cb="0"/><line nr="142" mi="0" ci="2" mb="0" cb="0"/><line nr="143" mi="0" ci="1" mb="0" cb="0"/><line nr="147" mi="0" ci="3" mb="0" cb="0"/><line nr="148" mi="0" ci="2" mb="0" cb="0"/><line nr="149" mi="0" ci="1" mb="0" cb="0"/><line nr="153" mi="0" ci="3" mb="0" cb="0"/><line nr="154" mi="0" ci="2" mb="0" cb="0"/><line nr="155" mi="0" ci="1" mb="0" cb="0"/><line nr="159" mi="0" ci="3" mb="0" cb="0"/><line nr="160" mi="0" ci="2" mb="0" cb="0"/><line nr="161" mi="0" ci="1" mb="0" cb="0"/><line nr="165" mi="0" ci="2" mb="0" cb="2"/><line nr="166" mi="0" ci="4" mb="0" cb="0"/><line nr="168" mi="0" ci="3" mb="0" cb="0"/><line nr="169" mi="0" ci="1" mb="0" cb="0"/><line nr="173" mi="0" ci="2" mb="0" cb="2"/><line nr="174" mi="0" ci="4" mb="0" cb="0"/><line nr="176" mi="0" ci="3" mb="0" cb="0"/><line nr="177" mi="0" ci="1" mb="0" cb="0"/><line nr="182" mi="0" ci="3" mb="0" cb="0"/><line nr="187" mi="0" ci="3" mb="0" cb="0"/><line nr="192" mi="0" ci="3" mb="0" cb="0"/><line nr="197" mi="0" ci="3" mb="0" cb="0"/><line nr="202" mi="0" ci="3" mb="0" cb="0"/><line nr="207" mi="0" ci="3" mb="0" cb="0"/><line nr="212" mi="0" ci="3" mb="0" cb="0"/><line nr="216" mi="0" ci="3" mb="0" cb="0"/><line nr="222" mi="0" ci="3" mb="0" cb="0"/><line nr="223" mi="0" ci="3" mb="0" cb="0"/><line nr="224" mi="0" ci="3" mb="0" cb="0"/><line nr="225" mi="0" ci="3" mb="0" cb="0"/><line nr="226" mi="0" ci="1" mb="0" cb="0"/><line nr="228" mi="0" ci="2" mb="0" cb="2"/><line nr="229" mi="0" ci="5" mb="0" cb="0"/><line nr="232" mi="0" ci="3" mb="0" cb="0"/><line nr="234" mi="0" ci="1" mb="0" cb="0"/><line nr="237" mi="0" ci="3" mb="0" cb="0"/><line nr="238" mi="0" ci="1" mb="0" cb="0"/><line nr="241" mi="0" ci="3" mb="0" cb="0"/><line nr="242" mi="0" ci="1" mb="0" cb="0"/><line nr="246" mi="0" ci="3" mb="0" cb="0"/><line nr="247" mi="0" ci="1" mb="0" cb="0"/><line nr="250" mi="0" ci="3" mb="0" cb="0"/><line nr="254" mi="0" ci="3" mb="0" cb="0"/><line nr="258" mi="0" ci="3" mb="0" cb="0"/><line nr="265" mi="0" ci="7" mb="0" cb="2"/><line nr="269" mi="0" ci="3" mb="0" cb="0"/><line nr="281" mi="0" ci="8" mb="0" cb="2"/><line nr="282" mi="0" ci="3" mb="0" cb="0"/><line nr="283" mi="0" ci="3" mb="0" cb="2"/><line nr="285" mi="0" ci="1" mb="0" cb="0"/><line nr="287" mi="0" ci="2" mb="1" cb="1"/><line nr="289" mi="2" ci="0" mb="0" cb="0"/><line nr="291" mi="0" ci="14" mb="0" cb="0"/><line nr="292" mi="0" ci="2" mb="0" cb="0"/><line nr="297" mi="0" ci="3" mb="0" cb="2"/><line nr="298" mi="0" ci="2" mb="0" cb="0"/><line nr="300" mi="0" ci="20" mb="0" cb="0"/><line nr="301" mi="0" ci="24" mb="0" cb="0"/><line nr="307" mi="6" ci="0" mb="0" cb="0"/><line nr="308" mi="6" ci="0" mb="0" cb="0"/><line nr="309" mi="6" ci="0" mb="0" cb="0"/><line nr="310" mi="6" ci="0" mb="0" cb="0"/><line nr="311" mi="6" ci="0" mb="0" cb="0"/><line nr="316" mi="10" ci="0" mb="0" cb="0"/><counter type="INSTRUCTION" missed="46" covered="300"/><counter type="BRANCH" missed="3" covered="29"/><counter type="LINE" missed="8" covered="84"/><counter type="COMPLEXITY" missed="4" covered="42"/><counter type="METHOD" missed="1" covered="29"/><counter type="CLASS" missed="0" covered="1"/></sourcefile><sourcefile name="CalendarMain.java"><line nr="14" mi="3" ci="0" mb="0" cb="0"/><line nr="17" mi="2" ci="0" mb="0" cb="0"/><line nr="20" mi="4" ci="0" mb="0" cb="0"/><line nr="21" mi="3" ci="0" mb="0" cb="0"/><line nr="34" mi="2" ci="0" mb="0" cb="0"/><line nr="36" mi="6" ci="0" mb="0" cb="0"/><line nr="37" mi="4" ci="0" mb="0" cb="0"/><line nr="38" mi="4" ci="0" mb="0" cb="0"/><line nr="40" mi="2" ci="0" mb="0" cb="0"/><line nr="41" mi="2" ci="0" mb="0" cb="0"/><line nr="42" mi="4" ci="0" mb="0" cb="0"/><line nr="43" mi="2" ci="0" mb="0" cb="0"/><line nr="44" mi="2" ci="0" mb="0" cb="0"/><line nr="45" mi="2" ci="0" mb="0" cb="0"/><line nr="46" mi="2" ci="0" mb="0" cb="0"/><line nr="48" mi="11" ci="0" mb="0" cb="0"/><line nr="55" mi="2" ci="0" mb="2" cb="0"/><line nr="56" mi="4" ci="0" mb="0" cb="0"/><line nr="59" mi="4" ci="0" mb="0" cb="0"/><line nr="62" mi="2" ci="0" mb="0" cb="0"/><line nr="63" mi="2" ci="0" mb="0" cb="0"/><line nr="64" mi="2" ci="0" mb="0" cb="0"/><line nr="65" mi="2" ci="0" mb="0" cb="0"/><line nr="66" mi="2" ci="0" mb="0" cb="0"/><line nr="67" mi="2" ci="0" mb="0" cb="0"/><line nr="68" mi="2" ci="0" mb="0" cb="0"/><line nr="70" mi="11" ci="0" mb="0" cb="0"/><line nr="78" mi="2" ci="0" mb="2" cb="0"/><line nr="79" mi="4" ci="0" mb="0" cb="0"/><line nr="81" mi="4" ci="0" mb="0" cb="0"/><line nr="83" mi="2" ci="0" mb="0" cb="0"/><line nr="84" mi="2" ci="0" mb="0" cb="0"/><line nr="85" mi="2" ci="0" mb="0" cb="0"/><line nr="86" mi="2" ci="0" mb="0" cb="0"/><line nr="87" mi="2" ci="0" mb="0" cb="0"/><line nr="88" mi="2" ci="0" mb="0" cb="0"/><line nr="89" mi="2" ci="0" mb="0" cb="0"/><line nr="91" mi="11" ci="0" mb="0" cb="0"/><line nr="99" mi="2" ci="0" mb="2" cb="0"/><line nr="100" mi="4" ci="0" mb="0" cb="0"/><line nr="102" mi="4" ci="0" mb="0" cb="0"/><line nr="104" mi="2" ci="0" mb="0" cb="0"/><line nr="105" mi="2" ci="0" mb="0" cb="0"/><line nr="106" mi="4" ci="0" mb="0" cb="0"/><line nr="107" mi="4" ci="0" mb="0" cb="0"/><line nr="108" mi="2" ci="0" mb="0" cb="0"/><line nr="109" mi="2" ci="0" mb="0" cb="0"/><line nr="110" mi="2" ci="0" mb="0" cb="0"/><line nr="112" mi="11" ci="0" mb="0" cb="0"/><line nr="119" mi="15" ci="0" mb="0" cb="0"/><line nr="120" mi="6" ci="0" mb="0" cb="0"/><line nr="122" mi="2" ci="0" mb="2" cb="0"/><line nr="123" mi="4" ci="0" mb="0" cb="0"/><line nr="125" mi="4" ci="0" mb="0" cb="0"/><line nr="126" mi="2" ci="0" mb="2" cb="0"/><line nr="127" mi="3" ci="0" mb="0" cb="0"/><line nr="128" mi="4" ci="0" mb="0" cb="0"/><line nr="130" mi="2" ci="0" mb="0" cb="0"/><line nr="131" mi="3" ci="0" mb="0" cb="0"/><line nr="132" mi="4" ci="0" mb="0" cb="0"/><line nr="141" mi="7" ci="0" mb="0" cb="0"/><line nr="142" mi="4" ci="0" mb="0" cb="0"/><line nr="143" mi="4" ci="0" mb="0" cb="0"/><line nr="144" mi="21" ci="0" mb="0" cb="0"/><line nr="145" mi="21" ci="0" mb="0" cb="0"/><line nr="147" mi="2" ci="0" mb="2" cb="0"/><line nr="148" mi="10" ci="0" mb="0" cb="0"/><line nr="149" mi="10" ci="0" mb="0" cb="0"/><line nr="152" mi="4" ci="0" mb="0" cb="0"/><line nr="154" mi="4" ci="0" mb="0" cb="0"/><line nr="158" mi="2" ci="0" mb="2" cb="0"/><line nr="161" mi="14" ci="0" mb="0" cb="0"/><line nr="162" mi="4" ci="0" mb="0" cb="0"/><line nr="163" mi="6" ci="0" mb="0" cb="0"/><line nr="164" mi="8" ci="0" mb="2" cb="0"/><line nr="165" mi="7" ci="0" mb="0" cb="0"/><line nr="168" mi="2" ci="0" mb="2" cb="0"/><line nr="169" mi="12" ci="0" mb="0" cb="0"/><line nr="171" mi="8" ci="0" mb="0" cb="0"/><line nr="172" mi="2" ci="0" mb="2" cb="0"/><line nr="173" mi="11" ci="0" mb="0" cb="0"/><line nr="176" mi="2" ci="0" mb="2" cb="0"/><line nr="177" mi="14" ci="0" mb="0" cb="0"/><line nr="179" mi="4" ci="0" mb="0" cb="0"/><line nr="180" mi="6" ci="0" mb="0" cb="0"/><line nr="181" mi="8" ci="0" mb="2" cb="0"/><line nr="182" mi="7" ci="0" mb="0" cb="0"/><line nr="184" mi="2" ci="0" mb="0" cb="0"/><line nr="186" mi="1" ci="0" mb="0" cb="0"/><counter type="INSTRUCTION" missed="420" covered="0"/><counter type="BRANCH" missed="24" covered="0"/><counter type="LINE" missed="89" covered="0"/><counter type="COMPLEXITY" missed="14" covered="0"/><counter type="METHOD" missed="2" covered="0"/><counter type="CLASS" missed="1" covered="0"/></sourcefile><sourcefile name="DateOutOfRangeException.java"><line nr="13" mi="2" ci="0" mb="0" cb="0"/><line nr="14" mi="1" ci="0" mb="0" cb="0"/><line nr="22" mi="3" ci="0" mb="0" cb="0"/><line nr="23" mi="1" ci="0" mb="0" cb="0"/><counter type="INSTRUCTION" missed="7" covered="0"/><counter type="LINE" missed="4" covered="0"/><counter type="COMPLEXITY" missed="2" covered="0"/><counter type="METHOD" missed="2" covered="0"/><counter type="CLASS" missed="1" covered="0"/></sourcefile><sourcefile name="TimeTable.java"><line nr="19" mi="0" ci="2" mb="0" cb="0"/><line nr="21" mi="0" ci="1" mb="0" cb="0"/><line nr="34" mi="0" ci="4" mb="0" cb="0"/><line nr="39" mi="0" ci="4" mb="1" cb="1"/><line nr="40" mi="5" ci="0" mb="0" cb="0"/><line nr="45" mi="0" ci="4" mb="0" cb="0"/><line nr="46" mi="0" ci="4" mb="0" cb="2"/><line nr="48" mi="0" ci="7" mb="0" cb="0"/><line nr="49" mi="0" ci="7" mb="0" cb="0"/><line nr="53" mi="0" ci="8" mb="0" cb="2"/><line nr="54" mi="0" ci="5" mb="0" cb="0"/><line nr="55" mi="1" ci="3" mb="1" cb="1"/><line nr="57" mi="0" ci="5" mb="0" cb="0"/><line nr="63" mi="0" ci="2" mb="0" cb="0"/><line nr="64" mi="0" ci="4" mb="0" cb="0"/><line nr="65" mi="0" ci="3" mb="0" cb="0"/><line nr="66" mi="0" ci="3" mb="1" cb="1"/><line nr="67" mi="4" ci="0" mb="0" cb="0"/><line nr="69" mi="4" ci="0" mb="2" cb="0"/><line nr="70" mi="1" ci="0" mb="0" cb="0"/><line nr="72" mi="7" ci="0" mb="0" cb="0"/><line nr="75" mi="5" ci="0" mb="0" cb="0"/><line nr="76" mi="3" ci="0" mb="0" cb="0"/><line nr="78" mi="1" ci="0" mb="0" cb="0"/><line nr="81" mi="0" ci="2" mb="0" cb="0"/><line nr="92" mi="0" ci="4" mb="0" cb="0"/><line nr="95" mi="0" ci="4" mb="1" cb="1"/><line nr="96" mi="2" ci="0" mb="0" cb="0"/><line nr="100" mi="0" ci="3" mb="0" cb="0"/><line nr="101" mi="0" ci="4" mb="0" cb="0"/><line nr="102" mi="0" ci="3" mb="0" cb="0"/><line nr="106" mi="0" ci="4" mb="1" cb="1"/><line nr="107" mi="2" ci="0" mb="0" cb="0"/><line nr="113" mi="0" ci="10" mb="0" cb="2"/><line nr="116" mi="0" ci="4" mb="1" cb="1"/><line nr="117" mi="4" ci="0" mb="0" cb="0"/><line nr="121" mi="0" ci="4" mb="0" cb="0"/><line nr="122" mi="0" ci="2" mb="0" cb="2"/><line nr="123" mi="0" ci="1" mb="0" cb="0"/><line nr="127" mi="0" ci="4" mb="0" cb="2"/><line nr="128" mi="0" ci="1" mb="0" cb="0"/><line nr="131" mi="0" ci="2" mb="0" cb="0"/><line nr="141" mi="0" ci="3" mb="0" cb="2"/><line nr="142" mi="0" ci="2" mb="0" cb="0"/><line nr="145" mi="0" ci="4" mb="0" cb="0"/><line nr="148" mi="0" ci="3" mb="0" cb="4"/><line nr="150" mi="0" ci="3" mb="0" cb="0"/><line nr="155" mi="0" ci="3" mb="1" cb="1"/><line nr="158" mi="6" ci="0" mb="0" cb="0"/><line nr="159" mi="2" ci="0" mb="0" cb="0"/><line nr="164" mi="0" ci="7" mb="1" cb="1"/><line nr="165" mi="0" ci="6" mb="0" cb="0"/><line nr="166" mi="0" ci="6" mb="0" cb="0"/><line nr="168" mi="0" ci="8" mb="0" cb="2"/><line nr="171" mi="0" ci="5" mb="0" cb="2"/><line nr="172" mi="0" ci="2" mb="0" cb="0"/><line nr="180" mi="2" ci="0" mb="0" cb="0"/><line nr="184" mi="0" ci="6" mb="0" cb="0"/><line nr="185" mi="0" ci="2" mb="0" cb="0"/><line nr="189" mi="0" ci="6" mb="0" cb="0"/><line nr="190" mi="0" ci="2" mb="0" cb="0"/><line nr="193" mi="0" ci="2" mb="0" cb="0"/><line nr="203" mi="0" ci="4" mb="0" cb="4"/><line nr="204" mi="0" ci="2" mb="0" cb="0"/><line nr="206" mi="0" ci="3" mb="0" cb="2"/><line nr="207" mi="0" ci="2" mb="0" cb="0"/><line nr="213" mi="0" ci="10" mb="0" cb="2"/><line nr="214" mi="0" ci="5" mb="0" cb="0"/><line nr="215" mi="0" ci="4" mb="0" cb="2"/><line nr="216" mi="0" ci="4" mb="0" cb="0"/><line nr="217" mi="0" ci="2" mb="0" cb="0"/><line nr="221" mi="0" ci="2" mb="0" cb="0"/><line nr="231" mi="0" ci="5" mb="0" cb="0"/><line nr="232" mi="0" ci="5" mb="0" cb="2"/><line nr="233" mi="0" ci="4" mb="0" cb="0"/><line nr="235" mi="0" ci="2" mb="0" cb="0"/><line nr="236" mi="0" ci="8" mb="0" cb="2"/><line nr="237" mi="0" ci="4" mb="0" cb="0"/><line nr="238" mi="0" ci="4" mb="0" cb="0"/><line nr="239" mi="0" ci="4" mb="0" cb="0"/><line nr="240" mi="0" ci="2" mb="0" cb="0"/><line nr="242" mi="0" ci="2" mb="0" cb="0"/><counter type="INSTRUCTION" missed="49" covered="266"/><counter type="BRANCH" missed="10" covered="42"/><counter type="LINE" missed="14" covered="68"/><counter type="COMPLEXITY" missed="9" covered="24"/><counter type="METHOD" missed="0" covered="6"/><counter type="CLASS" missed="0" covered="1"/></sourcefile><sourcefile name="CalendarUtil.java"><line nr="13" mi="3" ci="0" mb="0" cb="0"/><line nr="16" mi="0" ci="52" mb="0" cb="0"/><line nr="30" mi="0" ci="4" mb="0" cb="0"/><line nr="32" mi="3" ci="3" mb="3" cb="1"/><line nr="33" mi="4" ci="0" mb="0" cb="0"/><line nr="36" mi="0" ci="2" mb="0" cb="0"/><line nr="46" mi="0" ci="4" mb="1" cb="1"/><line nr="48" mi="4" ci="0" mb="2" cb="0"/><line nr="49" mi="2" ci="0" mb="0" cb="0"/><line nr="52" mi="2" ci="0" mb="0" cb="0"/><line nr="57" mi="0" ci="4" mb="1" cb="1"/><line nr="58" mi="2" ci="0" mb="0" cb="0"/><line nr="61" mi="0" ci="2" mb="0" cb="0"/><counter type="INSTRUCTION" missed="20" covered="71"/><counter type="BRANCH" missed="7" covered="3"/><counter type="LINE" missed="6" covered="7"/><counter type="COMPLEXITY" missed="6" covered="3"/><counter type="METHOD" missed="1" covered="3"/><counter type="CLASS" missed="0" covered="1"/></sourcefile><counter type="INSTRUCTION" missed="546" covered="835"/><counter type="BRANCH" missed="47" covered="89"/><counter type="LINE" missed="122" covered="211"/><counter type="COMPLEXITY" missed="39" covered="89"/><counter type="METHOD" missed="7" covered="52"/><counter type="CLASS" missed="2" covered="4"/></package><counter type="INSTRUCTION" missed="546" covered="835"/><counter type="BRANCH" missed="47" covered="89"/><counter type="LINE" missed="122" covered="211"/><counter type="COMPLEXITY" missed="39" covered="89"/><counter type="METHOD" missed="7" covered="52"/><counter type="CLASS" missed="2" covered="4"/></report>